
Showing logs for build [32mcb-kubecd-environment-pr-240-23-x2qz2-1[0m stage [32mfrom-build-pack[0m and container [32mstep-credential-initializer-5ctlz[0m
{"level":"info","ts":1592902268.9012532,"logger":"fallback-logger","caller":"logging/config.go:69","msg":"Fetch GitHub commit ID from kodata failed: open /var/run/ko/refs/heads/0.8.0-ns-support: no such file or directory"}
{"level":"info","ts":1592902268.9018645,"logger":"fallback-logger","caller":"creds-init/main.go:40","msg":"Credentials initialized."}

Showing logs for build [32mcb-kubecd-environment-pr-240-23-x2qz2-1[0m stage [32mfrom-build-pack[0m and container [32mstep-working-dir-initializer-bnfwz[0m
{"level":"info","ts":1592902269.822067,"logger":"fallback-logger","caller":"logging/config.go:69","msg":"Fetch GitHub commit ID from kodata failed: open /var/run/ko/HEAD: no such file or directory"}
{"level":"info","ts":1592902269.8241296,"logger":"fallback-logger","caller":"bash/main.go:64","msg":"Successfully executed command \"sh -c mkdir -p /workspace/source\"; output "}

Showing logs for build [32mcb-kubecd-environment-pr-240-23-x2qz2-1[0m stage [32mfrom-build-pack[0m and container [32mstep-place-tools[0m

Showing logs for build [32mcb-kubecd-environment-pr-240-23-x2qz2-1[0m stage [32mfrom-build-pack[0m and container [32mstep-git-source-cb-kubecd-environment-pr-240-23-x2qz2-prlq2[0m
{"level":"info","ts":1592902273.8879004,"logger":"fallback-logger","caller":"logging/config.go:69","msg":"Fetch GitHub commit ID from kodata failed: open /var/run/ko/refs/heads/0.8.0-ns-support: no such file or directory"}
{"level":"info","ts":1592902274.9903533,"logger":"fallback-logger","caller":"git/git.go:103","msg":"Successfully cloned https://github.com/cb-kubecd/environment-pr-240-23-boot-gke-staging.git @ master in path /workspace/source"}

Showing logs for build [32mcb-kubecd-environment-pr-240-23-x2qz2-1[0m stage [32mfrom-build-pack[0m and container [32mstep-git-merge[0m
Using SHAs from PULL_REFS=master:a2d06783326da3f263257a7faf5f847ed4fdf2c9,2:96052509745f320df84c16ddcf3e7a3b21bd5cf7
DEBUG: LC_ALL=C JX_LOG_LEVEL=error git fetch origin --unshallow 96052509745f320df84c16ddcf3e7a3b21bd5cf7: a2d06783326da3f263257a7faf5f847ed4fdf2c9:
DEBUG: ran git fetch --unshallow origin 96052509745f320df84c16ddcf3e7a3b21bd5cf7: a2d06783326da3f263257a7faf5f847ed4fdf2c9: in 
DEBUG: LC_ALL=C JX_LOG_LEVEL=error git branch
DEBUG: LC_ALL=C JX_LOG_LEVEL=error git checkout master
DEBUG: ran git checkout master in 
DEBUG: LC_ALL=C JX_LOG_LEVEL=error git reset --hard a2d06783326da3f263257a7faf5f847ed4fdf2c9
DEBUG: ran git reset --hard a2d06783326da3f263257a7faf5f847ed4fdf2c9 in 
DEBUG: LC_ALL=C JX_LOG_LEVEL=error git clean -fd .
DEBUG: ran clean --force -d . in 
DEBUG: JX_LOG_LEVEL=error LC_ALL=C git merge 96052509745f320df84c16ddcf3e7a3b21bd5cf7
DEBUG: ran git merge 96052509745f320df84c16ddcf3e7a3b21bd5cf7 in 
DEBUG: LC_ALL=C JX_LOG_LEVEL=error git log --format=%H%x1f%an%x1f%ae%x1f%cn%x1f%ce%x1f%s%n%b%x1e a2d06783326da3f263257a7faf5f847ed4fdf2c9..HEAD
Merged SHA 96052509745f320df84c16ddcf3e7a3b21bd5cf7 with commit message 'chore: Promote bdd-nh-1592901898 to version 0.0.1' into base branch master

Showing logs for build [32mcb-kubecd-environment-pr-240-23-x2qz2-1[0m stage [32mfrom-build-pack[0m and container [32mstep-build-helm-build[0m
WARNING: No $CHART_REPOSITORY defined so using the default value of: http://jenkins-x-chartmuseum:8080
Adding missing Helm repo: storage.googleapis.com https://storage.googleapis.com/chartmuseum.jenkins-x.io
WARNING: No secrets found on "helm/repos" due: reading the secret "helm/repos" from vault: no secret "helm/repos" not found in vault
Read credentials for https://storage.googleapis.com/chartmuseum.jenkins-x.io from vault helm/repos
Successfully added Helm repository storage.googleapis.com.
Adding missing Helm repo: jenkins-x-chartmuseum http://jenkins-x-chartmuseum:8080
WARNING: No secrets found on "helm/repos" due: reading the secret "helm/repos" from vault: no secret "helm/repos" not found in vault
Read credentials for http://jenkins-x-chartmuseum:8080 from vault helm/repos
Successfully added Helm repository jenkins-x-chartmuseum.
WARNING: No $CHART_REPOSITORY defined so using the default value of: http://jenkins-x-chartmuseum:8080
Adding missing Helm repo: chartmuseum.jenkins-x.io http://chartmuseum.jenkins-x.io
WARNING: No secrets found on "helm/repos" due: reading the secret "helm/repos" from vault: no secret "helm/repos" not found in vault
Read credentials for http://chartmuseum.jenkins-x.io from vault helm/repos
Successfully added Helm repository chartmuseum.jenkins-x.io.
