
Showing logs for build [32mcb-kubecd-environment-pr-240-23-m5rsc-1[0m stage [32mfrom-build-pack[0m and container [32mstep-credential-initializer-fdtc6[0m
{"level":"info","ts":1592902898.5760324,"logger":"fallback-logger","caller":"logging/config.go:69","msg":"Fetch GitHub commit ID from kodata failed: open /var/run/ko/refs/heads/0.8.0-ns-support: no such file or directory"}
{"level":"info","ts":1592902898.576988,"logger":"fallback-logger","caller":"creds-init/main.go:40","msg":"Credentials initialized."}

Showing logs for build [32mcb-kubecd-environment-pr-240-23-m5rsc-1[0m stage [32mfrom-build-pack[0m and container [32mstep-working-dir-initializer-4b949[0m
{"level":"info","ts":1592902899.393625,"logger":"fallback-logger","caller":"logging/config.go:69","msg":"Fetch GitHub commit ID from kodata failed: open /var/run/ko/HEAD: no such file or directory"}
{"level":"info","ts":1592902899.3951087,"logger":"fallback-logger","caller":"bash/main.go:64","msg":"Successfully executed command \"sh -c mkdir -p /workspace/source\"; output "}

Showing logs for build [32mcb-kubecd-environment-pr-240-23-m5rsc-1[0m stage [32mfrom-build-pack[0m and container [32mstep-place-tools[0m

Showing logs for build [32mcb-kubecd-environment-pr-240-23-m5rsc-1[0m stage [32mfrom-build-pack[0m and container [32mstep-git-source-cb-kubecd-environment-pr-240-23-m5rsc-9zr24[0m
{"level":"info","ts":1592902905.631385,"logger":"fallback-logger","caller":"logging/config.go:69","msg":"Fetch GitHub commit ID from kodata failed: open /var/run/ko/refs/heads/0.8.0-ns-support: no such file or directory"}
{"level":"info","ts":1592902906.7125282,"logger":"fallback-logger","caller":"git/git.go:103","msg":"Successfully cloned https://github.com/cb-kubecd/environment-pr-240-23-boot-gke-staging.git @ master in path /workspace/source"}

Showing logs for build [32mcb-kubecd-environment-pr-240-23-m5rsc-1[0m stage [32mfrom-build-pack[0m and container [32mstep-git-merge[0m
Using SHAs from PULL_REFS=master:c86cf1212925ca8b0c09c3279c05351a42e8bdd8,3:0dfe53e876cbcd68525149f5edc2f993ef93d2fc
DEBUG: LC_ALL=C JX_LOG_LEVEL=error git fetch origin --unshallow 0dfe53e876cbcd68525149f5edc2f993ef93d2fc: c86cf1212925ca8b0c09c3279c05351a42e8bdd8:
DEBUG: ran git fetch --unshallow origin 0dfe53e876cbcd68525149f5edc2f993ef93d2fc: c86cf1212925ca8b0c09c3279c05351a42e8bdd8: in 
DEBUG: LC_ALL=C JX_LOG_LEVEL=error git branch
DEBUG: JX_LOG_LEVEL=error LC_ALL=C git checkout master
DEBUG: ran git checkout master in 
DEBUG: LC_ALL=C JX_LOG_LEVEL=error git reset --hard c86cf1212925ca8b0c09c3279c05351a42e8bdd8
DEBUG: ran git reset --hard c86cf1212925ca8b0c09c3279c05351a42e8bdd8 in 
DEBUG: LC_ALL=C JX_LOG_LEVEL=error git clean -fd .
DEBUG: ran clean --force -d . in 
DEBUG: LC_ALL=C JX_LOG_LEVEL=error git merge 0dfe53e876cbcd68525149f5edc2f993ef93d2fc
DEBUG: ran git merge 0dfe53e876cbcd68525149f5edc2f993ef93d2fc in 
DEBUG: LC_ALL=C JX_LOG_LEVEL=error git log --format=%H%x1f%an%x1f%ae%x1f%cn%x1f%ce%x1f%s%n%b%x1e c86cf1212925ca8b0c09c3279c05351a42e8bdd8..HEAD
Merged SHA 0dfe53e876cbcd68525149f5edc2f993ef93d2fc with commit message 'chore: Promote bdd-gh-1592901898 to version 0.0.1' into base branch master

Showing logs for build [32mcb-kubecd-environment-pr-240-23-m5rsc-1[0m stage [32mfrom-build-pack[0m and container [32mstep-build-helm-build[0m
WARNING: No $CHART_REPOSITORY defined so using the default value of: http://jenkins-x-chartmuseum:8080
Adding missing Helm repo: storage.googleapis.com https://storage.googleapis.com/chartmuseum.jenkins-x.io
WARNING: No secrets found on "helm/repos" due: reading the secret "helm/repos" from vault: no secret "helm/repos" not found in vault
Read credentials for https://storage.googleapis.com/chartmuseum.jenkins-x.io from vault helm/repos
Successfully added Helm repository storage.googleapis.com.
Adding missing Helm repo: jenkins-x-chartmuseum http://jenkins-x-chartmuseum:8080
WARNING: No secrets found on "helm/repos" due: reading the secret "helm/repos" from vault: no secret "helm/repos" not found in vault
Read credentials for http://jenkins-x-chartmuseum:8080 from vault helm/repos
Successfully added Helm repository jenkins-x-chartmuseum.
WARNING: No $CHART_REPOSITORY defined so using the default value of: http://jenkins-x-chartmuseum:8080
Adding missing Helm repo: chartmuseum.jenkins-x.io http://chartmuseum.jenkins-x.io
WARNING: No secrets found on "helm/repos" due: reading the secret "helm/repos" from vault: no secret "helm/repos" not found in vault
Read credentials for http://chartmuseum.jenkins-x.io from vault helm/repos
Successfully added Helm repository chartmuseum.jenkins-x.io.
