
Showing logs for build [32mcb-kubecd-environment-pr-240-23-wzclg-1[0m stage [32mfrom-build-pack[0m and container [32mstep-credential-initializer-rmv4j[0m
{"level":"info","ts":1592903170.8258588,"logger":"fallback-logger","caller":"logging/config.go:69","msg":"Fetch GitHub commit ID from kodata failed: open /var/run/ko/refs/heads/0.8.0-ns-support: no such file or directory"}
{"level":"info","ts":1592903170.826523,"logger":"fallback-logger","caller":"creds-init/main.go:40","msg":"Credentials initialized."}

Showing logs for build [32mcb-kubecd-environment-pr-240-23-wzclg-1[0m stage [32mfrom-build-pack[0m and container [32mstep-working-dir-initializer-z2p2d[0m
{"level":"info","ts":1592903171.1946487,"logger":"fallback-logger","caller":"logging/config.go:69","msg":"Fetch GitHub commit ID from kodata failed: open /var/run/ko/HEAD: no such file or directory"}
{"level":"info","ts":1592903171.1961174,"logger":"fallback-logger","caller":"bash/main.go:64","msg":"Successfully executed command \"sh -c mkdir -p /workspace/source\"; output "}

Showing logs for build [32mcb-kubecd-environment-pr-240-23-wzclg-1[0m stage [32mfrom-build-pack[0m and container [32mstep-place-tools[0m

Showing logs for build [32mcb-kubecd-environment-pr-240-23-wzclg-1[0m stage [32mfrom-build-pack[0m and container [32mstep-git-source-cb-kubecd-environment-pr-240-23-wzclg-bgb9r[0m
{"level":"info","ts":1592903203.299497,"logger":"fallback-logger","caller":"logging/config.go:69","msg":"Fetch GitHub commit ID from kodata failed: open /var/run/ko/refs/heads/0.8.0-ns-support: no such file or directory"}
{"level":"info","ts":1592903204.3781161,"logger":"fallback-logger","caller":"git/git.go:103","msg":"Successfully cloned https://github.com/cb-kubecd/environment-pr-240-23-boot-gke-staging.git @ master in path /workspace/source"}

Showing logs for build [32mcb-kubecd-environment-pr-240-23-wzclg-1[0m stage [32mfrom-build-pack[0m and container [32mstep-git-merge[0m
Using SHAs from PULL_REFS=master:cb26e221056fb0a578be879ca24b9c78d9c51e33,4:9d210792cf9b99ece06041d7526298f822d720c7
DEBUG: LC_ALL=C JX_LOG_LEVEL=error git fetch origin --unshallow 9d210792cf9b99ece06041d7526298f822d720c7: cb26e221056fb0a578be879ca24b9c78d9c51e33:
DEBUG: ran git fetch --unshallow origin 9d210792cf9b99ece06041d7526298f822d720c7: cb26e221056fb0a578be879ca24b9c78d9c51e33: in 
DEBUG: LC_ALL=C JX_LOG_LEVEL=error git branch
DEBUG: LC_ALL=C JX_LOG_LEVEL=error git checkout master
DEBUG: ran git checkout master in 
DEBUG: LC_ALL=C JX_LOG_LEVEL=error git reset --hard cb26e221056fb0a578be879ca24b9c78d9c51e33
DEBUG: ran git reset --hard cb26e221056fb0a578be879ca24b9c78d9c51e33 in 
DEBUG: LC_ALL=C JX_LOG_LEVEL=error git clean -fd .
DEBUG: ran clean --force -d . in 
DEBUG: LC_ALL=C JX_LOG_LEVEL=error git merge 9d210792cf9b99ece06041d7526298f822d720c7
DEBUG: ran git merge 9d210792cf9b99ece06041d7526298f822d720c7 in 
DEBUG: LC_ALL=C JX_LOG_LEVEL=error git log --format=%H%x1f%an%x1f%ae%x1f%cn%x1f%ce%x1f%s%n%b%x1e cb26e221056fb0a578be879ca24b9c78d9c51e33..HEAD
Merged SHA 9d210792cf9b99ece06041d7526298f822d720c7 with commit message 'chore: Promote bdd-sbhg-1592901898 to version 0.0.1' into base branch master

Showing logs for build [32mcb-kubecd-environment-pr-240-23-wzclg-1[0m stage [32mfrom-build-pack[0m and container [32mstep-build-helm-build[0m
WARNING: No $CHART_REPOSITORY defined so using the default value of: http://jenkins-x-chartmuseum:8080
Adding missing Helm repo: storage.googleapis.com https://storage.googleapis.com/chartmuseum.jenkins-x.io
WARNING: No secrets found on "helm/repos" due: reading the secret "helm/repos" from vault: no secret "helm/repos" not found in vault
Read credentials for https://storage.googleapis.com/chartmuseum.jenkins-x.io from vault helm/repos
Successfully added Helm repository storage.googleapis.com.
Adding missing Helm repo: jenkins-x-chartmuseum http://jenkins-x-chartmuseum:8080
WARNING: No secrets found on "helm/repos" due: reading the secret "helm/repos" from vault: no secret "helm/repos" not found in vault
Read credentials for http://jenkins-x-chartmuseum:8080 from vault helm/repos
Successfully added Helm repository jenkins-x-chartmuseum.
WARNING: No $CHART_REPOSITORY defined so using the default value of: http://jenkins-x-chartmuseum:8080
Adding missing Helm repo: chartmuseum.jenkins-x.io http://chartmuseum.jenkins-x.io
WARNING: No secrets found on "helm/repos" due: reading the secret "helm/repos" from vault: no secret "helm/repos" not found in vault
Read credentials for http://chartmuseum.jenkins-x.io from vault helm/repos
Successfully added Helm repository chartmuseum.jenkins-x.io.
